<?xml version="1.0" encoding="UTF-8"?>
<!-- Generated by org.testng.reporters.JUnitReportReporter -->
<testsuite hostname="PC-20180918EPWD" name="testng.chuTest" tests="2" failures="0" timestamp="27 Dec 2018 03:00:21 GMT" time="0.007" errors="0">
  <testcase name="c7" time="0.001" classname="testng.chuTest"/>
  <testcase name="c10" time="0.006" classname="testng.chuTest"/>
</testsuite> <!-- testng.chuTest -->
