<?xml version="1.0" encoding="UTF-8"?>
<!-- Generated by org.testng.reporters.JUnitReportReporter -->
<testsuite hostname="PC-20180918EPWD" name="testng.sizeyunsuanTest" tests="1" failures="0" timestamp="27 Dec 2018 08:18:58 GMT" time="0.005" errors="0">
  <testcase name="add" time="0.005" classname="testng.sizeyunsuanTest"/>
</testsuite> <!-- testng.sizeyunsuanTest -->
