<?xml version="1.0" encoding="UTF-8"?>
<!-- Generated by org.testng.reporters.JUnitReportReporter -->
<testsuite hostname="PC-20180918EPWD" name="testng.GroupTest" tests="4" failures="0" timestamp="28 Dec 2018 01:38:07 GMT" time="0.001" errors="0">
  <testcase name="runselenium1" time="0.000" classname="testng.GroupTest"/>
  <testcase name="runselenium" time="0.001" classname="testng.GroupTest"/>
  <testcase name="runselenium" time="0.000" classname="testng.GroupTest"/>
  <testcase name="runselenium1" time="0.000" classname="testng.GroupTest"/>
</testsuite> <!-- testng.GroupTest -->
